{"/home/mvoorberg/bos/transom-repos/transom-graceful/lib/graceful.js":{"path":"/home/mvoorberg/bos/transom-repos/transom-graceful/lib/graceful.js","statementMap":{"0":{"start":{"line":2,"column":14},"end":{"line":2,"column":50}},"1":{"start":{"line":5,"column":4},"end":{"line":5,"column":28}},"2":{"start":{"line":6,"column":18},"end":{"line":6,"column":38}},"3":{"start":{"line":9,"column":18},"end":{"line":9,"column":23}},"4":{"start":{"line":11,"column":26},"end":{"line":13,"column":3}},"5":{"start":{"line":15,"column":27},"end":{"line":18,"column":5}},"6":{"start":{"line":21,"column":2},"end":{"line":21,"column":27}},"7":{"start":{"line":24,"column":1},"end":{"line":113,"column":2}},"8":{"start":{"line":25,"column":2},"end":{"line":112,"column":5}},"9":{"start":{"line":26,"column":3},"end":{"line":26,"column":41}},"10":{"start":{"line":28,"column":19},"end":{"line":28,"column":59}},"11":{"start":{"line":29,"column":19},"end":{"line":29,"column":42}},"12":{"start":{"line":30,"column":26},"end":{"line":30,"column":63}},"13":{"start":{"line":31,"column":20},"end":{"line":31,"column":51}},"14":{"start":{"line":32,"column":25},"end":{"line":32,"column":61}},"15":{"start":{"line":35,"column":3},"end":{"line":43,"column":6}},"16":{"start":{"line":36,"column":4},"end":{"line":41,"column":5}},"17":{"start":{"line":37,"column":5},"end":{"line":37,"column":26}},"18":{"start":{"line":38,"column":5},"end":{"line":38,"column":55}},"19":{"start":{"line":39,"column":5},"end":{"line":39,"column":32}},"20":{"start":{"line":40,"column":5},"end":{"line":40,"column":12}},"21":{"start":{"line":42,"column":4},"end":{"line":42,"column":11}},"22":{"start":{"line":46,"column":4},"end":{"line":67,"column":5}},"23":{"start":{"line":50,"column":5},"end":{"line":56,"column":6}},"24":{"start":{"line":51,"column":6},"end":{"line":51,"column":68}},"25":{"start":{"line":52,"column":6},"end":{"line":52,"column":27}},"26":{"start":{"line":53,"column":6},"end":{"line":53,"column":56}},"27":{"start":{"line":54,"column":6},"end":{"line":54,"column":33}},"28":{"start":{"line":55,"column":6},"end":{"line":55,"column":13}},"29":{"start":{"line":57,"column":5},"end":{"line":66,"column":6}},"30":{"start":{"line":58,"column":6},"end":{"line":58,"column":55}},"31":{"start":{"line":59,"column":6},"end":{"line":59,"column":43}},"32":{"start":{"line":61,"column":6},"end":{"line":61,"column":62}},"33":{"start":{"line":62,"column":6},"end":{"line":62,"column":27}},"34":{"start":{"line":63,"column":6},"end":{"line":63,"column":56}},"35":{"start":{"line":64,"column":6},"end":{"line":64,"column":32}},"36":{"start":{"line":65,"column":6},"end":{"line":65,"column":13}},"37":{"start":{"line":71,"column":3},"end":{"line":75,"column":4}},"38":{"start":{"line":72,"column":4},"end":{"line":74,"column":7}},"39":{"start":{"line":73,"column":5},"end":{"line":73,"column":74}},"40":{"start":{"line":79,"column":3},"end":{"line":79,"column":38}},"41":{"start":{"line":80,"column":22},"end":{"line":80,"column":65}},"42":{"start":{"line":83,"column":4},"end":{"line":105,"column":5}},"43":{"start":{"line":85,"column":5},"end":{"line":104,"column":6}},"44":{"start":{"line":86,"column":6},"end":{"line":86,"column":24}},"45":{"start":{"line":87,"column":6},"end":{"line":87,"column":71}},"46":{"start":{"line":89,"column":6},"end":{"line":103,"column":10}},"47":{"start":{"line":90,"column":19},"end":{"line":90,"column":31}},"48":{"start":{"line":91,"column":19},"end":{"line":91,"column":35}},"49":{"start":{"line":92,"column":19},"end":{"line":92,"column":40}},"50":{"start":{"line":94,"column":8},"end":{"line":97,"column":11}},"51":{"start":{"line":95,"column":9},"end":{"line":95,"column":45}},"52":{"start":{"line":96,"column":9},"end":{"line":96,"column":54}},"53":{"start":{"line":98,"column":8},"end":{"line":98,"column":57}},"54":{"start":{"line":99,"column":8},"end":{"line":99,"column":42}},"55":{"start":{"line":101,"column":8},"end":{"line":101,"column":45}},"56":{"start":{"line":102,"column":8},"end":{"line":102,"column":23}},"57":{"start":{"line":107,"column":3},"end":{"line":109,"column":6}},"58":{"start":{"line":108,"column":4},"end":{"line":108,"column":48}},"59":{"start":{"line":111,"column":3},"end":{"line":111,"column":13}},"60":{"start":{"line":116,"column":0},"end":{"line":116,"column":39}}},"fnMap":{"0":{"name":"TransomGraceful","decl":{"start":{"line":8,"column":9},"end":{"line":8,"column":24}},"loc":{"start":{"line":8,"column":27},"end":{"line":114,"column":1}},"line":8},"1":{"name":"noopResolve","decl":{"start":{"line":20,"column":10},"end":{"line":20,"column":21}},"loc":{"start":{"line":20,"column":24},"end":{"line":22,"column":2}},"line":20},"2":{"name":"(anonymous_2)","decl":{"start":{"line":24,"column":19},"end":{"line":24,"column":20}},"loc":{"start":{"line":24,"column":46},"end":{"line":113,"column":2}},"line":24},"3":{"name":"(anonymous_3)","decl":{"start":{"line":25,"column":21},"end":{"line":25,"column":22}},"loc":{"start":{"line":25,"column":48},"end":{"line":112,"column":3}},"line":25},"4":{"name":"(anonymous_4)","decl":{"start":{"line":35,"column":14},"end":{"line":35,"column":15}},"loc":{"start":{"line":35,"column":40},"end":{"line":43,"column":4}},"line":35},"5":{"name":"gracefulHealthCheck","decl":{"start":{"line":45,"column":12},"end":{"line":45,"column":31}},"loc":{"start":{"line":45,"column":50},"end":{"line":68,"column":4}},"line":45},"6":{"name":"(anonymous_6)","decl":{"start":{"line":46,"column":11},"end":{"line":46,"column":12}},"loc":{"start":{"line":46,"column":37},"end":{"line":67,"column":5}},"line":46},"7":{"name":"(anonymous_7)","decl":{"start":{"line":72,"column":42},"end":{"line":72,"column":43}},"loc":{"start":{"line":72,"column":51},"end":{"line":74,"column":5}},"line":72},"8":{"name":"gracefulCleanup","decl":{"start":{"line":82,"column":12},"end":{"line":82,"column":27}},"loc":{"start":{"line":82,"column":36},"end":{"line":106,"column":4}},"line":82},"9":{"name":"(anonymous_9)","decl":{"start":{"line":83,"column":11},"end":{"line":83,"column":12}},"loc":{"start":{"line":83,"column":23},"end":{"line":105,"column":5}},"line":83},"10":{"name":"(anonymous_10)","decl":{"start":{"line":90,"column":13},"end":{"line":90,"column":14}},"loc":{"start":{"line":90,"column":19},"end":{"line":90,"column":31}},"line":90},"11":{"name":"(anonymous_11)","decl":{"start":{"line":91,"column":13},"end":{"line":91,"column":14}},"loc":{"start":{"line":91,"column":19},"end":{"line":91,"column":35}},"line":91},"12":{"name":"(anonymous_12)","decl":{"start":{"line":92,"column":13},"end":{"line":92,"column":14}},"loc":{"start":{"line":92,"column":19},"end":{"line":92,"column":40}},"line":92},"13":{"name":"(anonymous_13)","decl":{"start":{"line":93,"column":13},"end":{"line":93,"column":14}},"loc":{"start":{"line":93,"column":19},"end":{"line":100,"column":8}},"line":93},"14":{"name":"(anonymous_14)","decl":{"start":{"line":94,"column":24},"end":{"line":94,"column":25}},"loc":{"start":{"line":94,"column":33},"end":{"line":97,"column":9}},"line":94},"15":{"name":"(anonymous_15)","decl":{"start":{"line":100,"column":16},"end":{"line":100,"column":17}},"loc":{"start":{"line":100,"column":27},"end":{"line":103,"column":8}},"line":100},"16":{"name":"(anonymous_16)","decl":{"start":{"line":107,"column":15},"end":{"line":107,"column":16}},"loc":{"start":{"line":107,"column":27},"end":{"line":109,"column":4}},"line":107}},"branchMap":{"0":{"loc":{"start":{"line":28,"column":19},"end":{"line":28,"column":59}},"type":"binary-expr","locations":[{"start":{"line":28,"column":19},"end":{"line":28,"column":34}},{"start":{"line":28,"column":38},"end":{"line":28,"column":59}}],"line":28},"1":{"loc":{"start":{"line":29,"column":19},"end":{"line":29,"column":42}},"type":"binary-expr","locations":[{"start":{"line":29,"column":19},"end":{"line":29,"column":34}},{"start":{"line":29,"column":38},"end":{"line":29,"column":42}}],"line":29},"2":{"loc":{"start":{"line":30,"column":26},"end":{"line":30,"column":63}},"type":"binary-expr","locations":[{"start":{"line":30,"column":26},"end":{"line":30,"column":48}},{"start":{"line":30,"column":52},"end":{"line":30,"column":63}}],"line":30},"3":{"loc":{"start":{"line":31,"column":20},"end":{"line":31,"column":51}},"type":"binary-expr","locations":[{"start":{"line":31,"column":20},"end":{"line":31,"column":36}},{"start":{"line":31,"column":40},"end":{"line":31,"column":51}}],"line":31},"4":{"loc":{"start":{"line":32,"column":25},"end":{"line":32,"column":61}},"type":"binary-expr","locations":[{"start":{"line":32,"column":25},"end":{"line":32,"column":46}},{"start":{"line":32,"column":50},"end":{"line":32,"column":61}}],"line":32},"5":{"loc":{"start":{"line":36,"column":4},"end":{"line":41,"column":5}},"type":"if","locations":[{"start":{"line":36,"column":4},"end":{"line":41,"column":5}},{"start":{"line":36,"column":4},"end":{"line":41,"column":5}}],"line":36},"6":{"loc":{"start":{"line":50,"column":5},"end":{"line":56,"column":6}},"type":"if","locations":[{"start":{"line":50,"column":5},"end":{"line":56,"column":6}},{"start":{"line":50,"column":5},"end":{"line":56,"column":6}}],"line":50},"7":{"loc":{"start":{"line":57,"column":5},"end":{"line":66,"column":6}},"type":"if","locations":[{"start":{"line":57,"column":5},"end":{"line":66,"column":6}},{"start":{"line":57,"column":5},"end":{"line":66,"column":6}}],"line":57},"8":{"loc":{"start":{"line":71,"column":3},"end":{"line":75,"column":4}},"type":"if","locations":[{"start":{"line":71,"column":3},"end":{"line":75,"column":4}},{"start":{"line":71,"column":3},"end":{"line":75,"column":4}}],"line":71},"9":{"loc":{"start":{"line":71,"column":7},"end":{"line":71,"column":95}},"type":"binary-expr","locations":[{"start":{"line":71,"column":7},"end":{"line":71,"column":47}},{"start":{"line":71,"column":51},"end":{"line":71,"column":95}}],"line":71},"10":{"loc":{"start":{"line":85,"column":5},"end":{"line":104,"column":6}},"type":"if","locations":[{"start":{"line":85,"column":5},"end":{"line":104,"column":6}},{"start":{"line":85,"column":5},"end":{"line":104,"column":6}}],"line":85}},"s":{"0":1,"1":1,"2":1,"3":1,"4":1,"5":1,"6":0,"7":1,"8":0,"9":0,"10":0,"11":0,"12":0,"13":0,"14":0,"15":0,"16":0,"17":0,"18":0,"19":0,"20":0,"21":0,"22":0,"23":0,"24":0,"25":0,"26":0,"27":0,"28":0,"29":0,"30":0,"31":0,"32":0,"33":0,"34":0,"35":0,"36":0,"37":0,"38":0,"39":0,"40":0,"41":0,"42":0,"43":0,"44":0,"45":0,"46":0,"47":0,"48":0,"49":0,"50":0,"51":0,"52":0,"53":0,"54":0,"55":0,"56":0,"57":0,"58":0,"59":0,"60":1},"f":{"0":1,"1":0,"2":0,"3":0,"4":0,"5":0,"6":0,"7":0,"8":0,"9":0,"10":0,"11":0,"12":0,"13":0,"14":0,"15":0,"16":0},"b":{"0":[0,0],"1":[0,0],"2":[0,0],"3":[0,0],"4":[0,0],"5":[0,0],"6":[0,0],"7":[0,0],"8":[0,0],"9":[0,0],"10":[0,0]},"_coverageSchema":"d34fc3e6b8297bcde183f5492bcb8fcb36775295","hash":"0ba2ad4da397ddbcb8ddac207be3137ea38c7813","contentHash":"623b29bfe9d8e4ee07f0c4602f0e7b1b"}}